Removed Pin From Net: NetName=VCC Pin=ESP32-2
Removed Pin From Net: NetName=VCC Pin=POWER-1
Removed Pin From Net: NetName=GND Pin=POWER-2
Change Component Footprint: Designator=POWER Old Footprint=FP-B2B-XH-A_LF_SN-MFG New Footprint=JST-S2B-PH-K-S_V
Change Component Comment : Designator=POWER Old Comment=B2B-XH-A(LF)(SN) New Comment=S2B-PH-K-S(LF)(SN)
Change Component Designator: OldDesignator=Q? NewDesignator=T?
Change Managed Component Library Link : Designator=POWER Old VaultGUID=B7D15EC3-160A-466F-A46C-7801FE6295A7 New VaultGUID=B7D15EC3-160A-466F-A46C-7801FE6295A7 Old ItemGUID=13A198B7-2160-45D9-BA10-5BBC61E7EA9A New ItemGUID=9A8D2EAC-1B23-4F82-92C2-EA66795D6019 Old RevisionGUID=5C98CD09-B4EE-476D-9D67-677D59556FE5 New RevisionGUID=D59909AA-F2FB-4123-B2B1-E8CC848D86AD
Change component parameters: Designator = "POWER" ("POWER"); Footprint = "FP-B2B-XH-A_LF_SN-MFG"; UniqueID = "\EPDSYGSJ" ("\EPDSYGSJ")
Change component parameters (AddParameter): Name = "Capacitance"; Value = "10 uF"; VariantName = "[No Variations]"
Change component parameters (AddParameter): Name = "Case\Package"; Value = "Radial"; VariantName = "[No Variations]"
Change component parameters (AddParameter): Name = "ComponentLink1Description"; Value = "Datasheet"; VariantName = "[No Variations]"
Change component parameters (AddParameter): Name = "ComponentLink1URL"; Value = "http://www.jst-mfg.com/product/pdf/eng/ePH.pdf"; VariantName = "[No Variations]"
Change component parameters (AddParameter): Name = "DatasheetVersion"; Value = "Dec-12"; VariantName = "[No Variations]"
Change component parameters (AddParameter): Name = "Diameter"; Value = "5 mm"; VariantName = "[No Variations]"
Change component parameters (AddParameter): Name = "Height"; Value = "11 mm"; VariantName = "[No Variations]"
Change component parameters (AddParameter): Name = "Lead Pitch"; Value = "2 mm"; VariantName = "[No Variations]"
Change component parameters (AddParameter): Name = "Length"; Value = "11 mm"; VariantName = "[No Variations]"
Change component parameters (AddParameter): Name = "Max Operating Temperature"; Value = "85 degC"; VariantName = "[No Variations]"
Change component parameters (AddParameter): Name = "Min Operating Temperature"; Value = "-40 degC"; VariantName = "[No Variations]"
Change component parameters (AddParameter): Name = "Mount"; Value = "Through Hole"; VariantName = "[No Variations]"
Change component parameters (AddParameter): Name = "Package Quantity"; Value = "200"; VariantName = "[No Variations]"
Change component parameters (AddParameter): Name = "PackageDescription"; Value = "Male Header, Pitch 2 mm, 1 x 2 Position, Height 4.8 mm, Tail Length 3.4 mm"; VariantName = "[No Variations]"
Change component parameters (AddParameter): Name = "PackageReference"; Value = "S2B-PH-K-S"; VariantName = "[No Variations]"
Change component parameters (AddParameter): Name = "Packaging"; Value = "Bulk"; VariantName = "[No Variations]"
Change component parameters (AddParameter): Name = "Pins"; Value = "2"; VariantName = "[No Variations]"
Change component parameters (AddParameter): Name = "Radiation Hardening"; Value = "No"; VariantName = "[No Variations]"
Change component parameters (AddParameter): Name = "REACH SVHC"; Value = "No SVHC"; VariantName = "[No Variations]"
Change component parameters (AddParameter): Name = "RoHSCompliant"; Value = "true"; VariantName = "[No Variations]"
Change component parameters (AddParameter): Name = "Tolerance"; Value = "20%"; VariantName = "[No Variations]"
Change component parameters (AddParameter): Name = "Voltage Rating"; Value = "50 V"; VariantName = "[No Variations]"
Change component parameters (AddParameter): Name = "Voltage Rating (DC)"; Value = "50 V"; VariantName = "[No Variations]"
Added Pin To Net: NetName=VCC Pin=D-2
Added Pin To Net: NetName=VCC Pin=POWER-2
Added Pin To Net: NetName=VCC Pin=WATERP-1
Change Net Name : Old Net Name=NetQ?_3 New Net Name=NetT?_3
Added Pin To Net: NetName=3V3 Pin=ESP32-2
Added Pin To Net: NetName=3V3 Pin=POWER-1
Added Net: Name=3V3
Added Rule: Name=Schematic Supply Nets_2
